\BOOKMARK [1][-]{section.1}{Titelblad}{}% 1
\BOOKMARK [2][-]{subsection.1.1}{Bidragserkl\346ring}{section.1}% 2
\BOOKMARK [1][-]{section.2}{Resum\351}{}% 3
\BOOKMARK [1][-]{section.3}{Forord}{}% 4
\BOOKMARK [1][-]{section.4}{L\346sevejledning}{}% 5
\BOOKMARK [1][-]{section.5}{Redaktionelt}{}% 6
\BOOKMARK [1][-]{section.1}{Indledning}{}% 7
\BOOKMARK [2][-]{subsection.1.1}{Redeg\370relse for den udleverede case}{section.1}% 8
\BOOKMARK [2][-]{subsection.1.2}{Form\345let med opgaven}{section.1}% 9
\BOOKMARK [2][-]{subsection.1.3}{Problemanalyse}{section.1}% 10
\BOOKMARK [2][-]{subsection.1.4}{Problemformulering}{section.1}% 11
\BOOKMARK [2][-]{subsection.1.5}{Afgr\346nsninger}{section.1}% 12
\BOOKMARK [1][-]{section.2}{Fagligt vidensgrundlag}{}% 13
\BOOKMARK [2][-]{subsection.2.1}{Kravudvikling}{section.2}% 14
\BOOKMARK [2][-]{subsection.2.2}{Analyse af brugsm\370nstre}{section.2}% 15
\BOOKMARK [2][-]{subsection.2.3}{Arkitektonisk design}{section.2}% 16
\BOOKMARK [2][-]{subsection.2.4}{Brug af SCRUM i projektet}{section.2}% 17
\BOOKMARK [2][-]{subsection.2.5}{Objekt-orienteret programmering}{section.2}% 18
\BOOKMARK [2][-]{subsection.2.6}{Trelags arkitektur}{section.2}% 19
\BOOKMARK [2][-]{subsection.2.7}{Unified Process}{section.2}% 20
\BOOKMARK [2][-]{subsection.2.8}{UML}{section.2}% 21
\BOOKMARK [2][-]{subsection.2.9}{MoSCoW}{section.2}% 22
\BOOKMARK [2][-]{subsection.2.10}{FURPS+}{section.2}% 23
\BOOKMARK [1][-]{section.3}{Metoder og planl\346gning}{}% 24
\BOOKMARK [2][-]{subsection.3.1}{Plan i elaborationsfasen}{section.3}% 25
\BOOKMARK [1][-]{section.4}{Hovedtekst}{}% 26
\BOOKMARK [2][-]{subsection.4.1}{Overordnet krav}{section.4}% 27
\BOOKMARK [2][-]{subsection.4.2}{Detaljeret krav}{section.4}% 28
\BOOKMARK [2][-]{subsection.4.3}{Analyse}{section.4}% 29
\BOOKMARK [2][-]{subsection.4.4}{Design}{section.4}% 30
\BOOKMARK [2][-]{subsection.4.5}{Database Design}{section.4}% 31
\BOOKMARK [2][-]{subsection.4.6}{Implementering}{section.4}% 32
\BOOKMARK [2][-]{subsection.4.7}{Test}{section.4}% 33
\BOOKMARK [1][-]{section.5}{Diskussion}{}% 34
\BOOKMARK [1][-]{section.6}{Konklusion}{}% 35
\BOOKMARK [1][-]{section.7}{Perspektivering}{}% 36
\BOOKMARK [1][-]{section.8}{Procesevaluering}{}% 37
\BOOKMARK [1][-]{appendix.A}{Oversigt over kildekode}{}% 38
\BOOKMARK [1][-]{appendix.B}{Brugervejledning}{}% 39
\BOOKMARK [1][-]{appendix.C}{Samarbejdsaftale}{}% 40
\BOOKMARK [1][-]{appendix.D}{Vejlederaftale}{}% 41
\BOOKMARK [1][-]{appendix.E}{Projektlog}{}% 42
\BOOKMARK [1][-]{appendix.F}{Udfyldt rapportkontrolskema}{}% 43
\BOOKMARK [1][-]{appendix.G}{Inceptionsdokument}{}% 44
